{"C:\\Users\\dani2\\Downloads\\modul323-counter-master\\Modul-323_Calorie-Tracker_Jasaroska-Adrian\\Quiz-Cards_Website\\src\\update.js": {"path":"C:\\Users\\dani2\\Downloads\\modul323-counter-master\\Modul-323_Calorie-Tracker_Jasaroska-Adrian\\Quiz-Cards_Website\\src\\update.js","statementMap":{"0":{"start":{"line":1,"column":13},"end":{"line":8,"column":1}},"1":{"start":{"line":11,"column":4},"end":{"line":53,"column":5}},"2":{"start":{"line":13,"column":8},"end":{"line":13,"column":45}},"3":{"start":{"line":16,"column":8},"end":{"line":16,"column":43}},"4":{"start":{"line":19,"column":8},"end":{"line":21,"column":9}},"5":{"start":{"line":20,"column":10},"end":{"line":20,"column":23}},"6":{"start":{"line":23,"column":24},"end":{"line":23,"column":104}},"7":{"start":{"line":24,"column":8},"end":{"line":29,"column":10}},"8":{"start":{"line":32,"column":8},"end":{"line":35,"column":10}},"9":{"start":{"line":34,"column":46},"end":{"line":34,"column":57}},"10":{"start":{"line":38,"column":8},"end":{"line":41,"column":10}},"11":{"start":{"line":40,"column":47},"end":{"line":40,"column":109}},"12":{"start":{"line":44,"column":8},"end":{"line":49,"column":10}},"13":{"start":{"line":47,"column":31},"end":{"line":47,"column":105}},"14":{"start":{"line":48,"column":28},"end":{"line":48,"column":47}},"15":{"start":{"line":52,"column":8},"end":{"line":52,"column":21}},"16":{"start":{"line":56,"column":0},"end":{"line":56,"column":33}}},"fnMap":{"0":{"name":"update","decl":{"start":{"line":10,"column":9},"end":{"line":10,"column":15}},"loc":{"start":{"line":10,"column":35},"end":{"line":54,"column":1}},"line":10},"1":{"name":"(anonymous_1)","decl":{"start":{"line":34,"column":36},"end":{"line":34,"column":37}},"loc":{"start":{"line":34,"column":46},"end":{"line":34,"column":57}},"line":34},"2":{"name":"(anonymous_2)","decl":{"start":{"line":40,"column":33},"end":{"line":40,"column":34}},"loc":{"start":{"line":40,"column":47},"end":{"line":40,"column":109}},"line":40},"3":{"name":"(anonymous_3)","decl":{"start":{"line":47,"column":17},"end":{"line":47,"column":18}},"loc":{"start":{"line":47,"column":31},"end":{"line":47,"column":105}},"line":47},"4":{"name":"(anonymous_4)","decl":{"start":{"line":48,"column":18},"end":{"line":48,"column":19}},"loc":{"start":{"line":48,"column":28},"end":{"line":48,"column":47}},"line":48}},"branchMap":{"0":{"loc":{"start":{"line":11,"column":4},"end":{"line":53,"column":5}},"type":"switch","locations":[{"start":{"line":12,"column":6},"end":{"line":13,"column":45}},{"start":{"line":15,"column":6},"end":{"line":16,"column":43}},{"start":{"line":18,"column":6},"end":{"line":29,"column":10}},{"start":{"line":31,"column":6},"end":{"line":35,"column":10}},{"start":{"line":37,"column":6},"end":{"line":41,"column":10}},{"start":{"line":43,"column":6},"end":{"line":49,"column":10}},{"start":{"line":51,"column":6},"end":{"line":52,"column":21}}],"line":11},"1":{"loc":{"start":{"line":19,"column":8},"end":{"line":21,"column":9}},"type":"if","locations":[{"start":{"line":19,"column":8},"end":{"line":21,"column":9}},{"start":{},"end":{}}],"line":19},"2":{"loc":{"start":{"line":19,"column":12},"end":{"line":19,"column":70}},"type":"binary-expr","locations":[{"start":{"line":19,"column":12},"end":{"line":19,"column":40}},{"start":{"line":19,"column":44},"end":{"line":19,"column":70}}],"line":19},"3":{"loc":{"start":{"line":40,"column":47},"end":{"line":40,"column":109}},"type":"cond-expr","locations":[{"start":{"line":40,"column":61},"end":{"line":40,"column":102}},{"start":{"line":40,"column":105},"end":{"line":40,"column":109}}],"line":40},"4":{"loc":{"start":{"line":47,"column":31},"end":{"line":47,"column":105}},"type":"cond-expr","locations":[{"start":{"line":47,"column":51},"end":{"line":47,"column":98}},{"start":{"line":47,"column":101},"end":{"line":47,"column":105}}],"line":47}},"s":{"0":1,"1":10,"2":1,"3":1,"4":3,"5":2,"6":1,"7":1,"8":1,"9":2,"10":2,"11":2,"12":2,"13":4,"14":2,"15":0,"16":1},"f":{"0":10,"1":2,"2":2,"3":4,"4":2},"b":{"0":[1,1,3,1,2,2,0],"1":[2,1],"2":[3,2],"3":[2,0],"4":[2,2]},"_coverageSchema":"1a1c01bbd47fc00a2c39e90264f33305004495a9","hash":"76e0310226add40fd826a991dd9f1800fe422726"}
,"C:\\Users\\dani2\\Downloads\\modul323-counter-master\\Modul-323_Calorie-Tracker_Jasaroska-Adrian\\Quiz-Cards_Website\\src\\view.js": {"path":"C:\\Users\\dani2\\Downloads\\modul323-counter-master\\Modul-323_Calorie-Tracker_Jasaroska-Adrian\\Quiz-Cards_Website\\src\\view.js","statementMap":{"0":{"start":{"line":1,"column":11},"end":{"line":1,"column":41}},"1":{"start":{"line":2,"column":14},"end":{"line":2,"column":36}},"2":{"start":{"line":4,"column":13},"end":{"line":11,"column":1}},"3":{"start":{"line":13,"column":42},"end":{"line":13,"column":47}},"4":{"start":{"line":16,"column":21},"end":{"line":16,"column":262}},"5":{"start":{"line":18,"column":4},"end":{"line":42,"column":7}},"6":{"start":{"line":27,"column":26},"end":{"line":27,"column":69}},"7":{"start":{"line":34,"column":26},"end":{"line":34,"column":67}},"8":{"start":{"line":37,"column":48},"end":{"line":37,"column":71}},"9":{"start":{"line":41,"column":42},"end":{"line":41,"column":73}},"10":{"start":{"line":47,"column":4},"end":{"line":95,"column":6}},"11":{"start":{"line":55,"column":27},"end":{"line":55,"column":60}},"12":{"start":{"line":64,"column":27},"end":{"line":64,"column":60}},"13":{"start":{"line":74,"column":29},"end":{"line":74,"column":75}},"14":{"start":{"line":81,"column":29},"end":{"line":81,"column":75}},"15":{"start":{"line":88,"column":29},"end":{"line":88,"column":75}},"16":{"start":{"line":98,"column":0},"end":{"line":98,"column":23}}},"fnMap":{"0":{"name":"view","decl":{"start":{"line":15,"column":9},"end":{"line":15,"column":13}},"loc":{"start":{"line":15,"column":31},"end":{"line":43,"column":3}},"line":15},"1":{"name":"(anonymous_1)","decl":{"start":{"line":27,"column":19},"end":{"line":27,"column":20}},"loc":{"start":{"line":27,"column":26},"end":{"line":27,"column":69}},"line":27},"2":{"name":"(anonymous_2)","decl":{"start":{"line":34,"column":19},"end":{"line":34,"column":20}},"loc":{"start":{"line":34,"column":26},"end":{"line":34,"column":67}},"line":34},"3":{"name":"(anonymous_3)","decl":{"start":{"line":37,"column":42},"end":{"line":37,"column":43}},"loc":{"start":{"line":37,"column":48},"end":{"line":37,"column":71}},"line":37},"4":{"name":"(anonymous_4)","decl":{"start":{"line":41,"column":25},"end":{"line":41,"column":26}},"loc":{"start":{"line":41,"column":42},"end":{"line":41,"column":73}},"line":41},"5":{"name":"cardView","decl":{"start":{"line":45,"column":11},"end":{"line":45,"column":19}},"loc":{"start":{"line":45,"column":43},"end":{"line":96,"column":1}},"line":45},"6":{"name":"(anonymous_6)","decl":{"start":{"line":55,"column":21},"end":{"line":55,"column":22}},"loc":{"start":{"line":55,"column":27},"end":{"line":55,"column":60}},"line":55},"7":{"name":"(anonymous_7)","decl":{"start":{"line":64,"column":21},"end":{"line":64,"column":22}},"loc":{"start":{"line":64,"column":27},"end":{"line":64,"column":60}},"line":64},"8":{"name":"(anonymous_8)","decl":{"start":{"line":74,"column":23},"end":{"line":74,"column":24}},"loc":{"start":{"line":74,"column":29},"end":{"line":74,"column":75}},"line":74},"9":{"name":"(anonymous_9)","decl":{"start":{"line":81,"column":23},"end":{"line":81,"column":24}},"loc":{"start":{"line":81,"column":29},"end":{"line":81,"column":75}},"line":81},"10":{"name":"(anonymous_10)","decl":{"start":{"line":88,"column":23},"end":{"line":88,"column":24}},"loc":{"start":{"line":88,"column":29},"end":{"line":88,"column":75}},"line":88}},"branchMap":{"0":{"loc":{"start":{"line":68,"column":8},"end":{"line":68,"column":98}},"type":"cond-expr","locations":[{"start":{"line":68,"column":26},"end":{"line":68,"column":91}},{"start":{"line":68,"column":94},"end":{"line":68,"column":98}}],"line":68},"1":{"loc":{"start":{"line":69,"column":8},"end":{"line":69,"column":91}},"type":"cond-expr","locations":[{"start":{"line":69,"column":26},"end":{"line":69,"column":84}},{"start":{"line":69,"column":87},"end":{"line":69,"column":91}}],"line":69},"2":{"loc":{"start":{"line":70,"column":8},"end":{"line":93,"column":17}},"type":"cond-expr","locations":[{"start":{"line":70,"column":26},"end":{"line":93,"column":10}},{"start":{"line":93,"column":13},"end":{"line":93,"column":17}}],"line":70}},"s":{"0":1,"1":1,"2":1,"3":1,"4":5,"5":5,"6":1,"7":1,"8":1,"9":2,"10":2,"11":0,"12":0,"13":0,"14":0,"15":0,"16":1},"f":{"0":5,"1":1,"2":1,"3":1,"4":2,"5":2,"6":0,"7":0,"8":0,"9":0,"10":0},"b":{"0":[1,1],"1":[1,1],"2":[1,1]},"_coverageSchema":"1a1c01bbd47fc00a2c39e90264f33305004495a9","hash":"47c0dcde52abeaa89918267102054445a9e681b4"}
}
