TN:
SF:src\update.js
FN:10,update
FN:34,(anonymous_1)
FN:40,(anonymous_2)
FN:47,(anonymous_3)
FN:48,(anonymous_4)
FNF:5
FNH:5
FNDA:10,update
FNDA:2,(anonymous_1)
FNDA:2,(anonymous_2)
FNDA:4,(anonymous_3)
FNDA:2,(anonymous_4)
DA:1,1
DA:11,10
DA:13,1
DA:16,1
DA:19,3
DA:20,2
DA:23,1
DA:24,1
DA:32,1
DA:34,2
DA:38,2
DA:40,2
DA:44,2
DA:47,4
DA:48,2
DA:52,0
DA:56,1
LF:17
LH:16
BRDA:11,0,0,1
BRDA:11,0,1,1
BRDA:11,0,2,3
BRDA:11,0,3,1
BRDA:11,0,4,2
BRDA:11,0,5,2
BRDA:11,0,6,0
BRDA:19,1,0,2
BRDA:19,1,1,1
BRDA:19,2,0,3
BRDA:19,2,1,2
BRDA:40,3,0,2
BRDA:40,3,1,0
BRDA:47,4,0,2
BRDA:47,4,1,2
BRF:15
BRH:13
end_of_record
TN:
SF:src\view.js
FN:15,view
FN:27,(anonymous_1)
FN:34,(anonymous_2)
FN:37,(anonymous_3)
FN:41,(anonymous_4)
FN:45,cardView
FN:55,(anonymous_6)
FN:64,(anonymous_7)
FN:74,(anonymous_8)
FN:81,(anonymous_9)
FN:88,(anonymous_10)
FNF:11
FNH:6
FNDA:5,view
FNDA:1,(anonymous_1)
FNDA:1,(anonymous_2)
FNDA:1,(anonymous_3)
FNDA:2,(anonymous_4)
FNDA:2,cardView
FNDA:0,(anonymous_6)
FNDA:0,(anonymous_7)
FNDA:0,(anonymous_8)
FNDA:0,(anonymous_9)
FNDA:0,(anonymous_10)
DA:1,1
DA:2,1
DA:4,1
DA:13,1
DA:16,5
DA:18,5
DA:27,1
DA:34,1
DA:37,1
DA:41,2
DA:47,2
DA:55,0
DA:64,0
DA:74,0
DA:81,0
DA:88,0
DA:98,1
LF:17
LH:12
BRDA:68,0,0,1
BRDA:68,0,1,1
BRDA:69,1,0,1
BRDA:69,1,1,1
BRDA:70,2,0,1
BRDA:70,2,1,1
BRF:6
BRH:6
end_of_record
